TN:
SF:src/modules/appointment/service/CreateAppointmentService.ts
FN:13,(anonymous_18)
FN:14,CreateAppointmentService
FN:19,(anonymous_20)
FNF:3
FNH:3
FNDA:1,(anonymous_18)
FNDA:2,CreateAppointmentService
FNDA:3,(anonymous_20)
DA:1,1
DA:2,1
DA:4,1
DA:13,1
DA:16,2
DA:19,3
DA:20,3
DA:22,3
DA:23,3
DA:28,1
DA:34,2
DA:39,2
DA:41,1
LF:13
LH:13
BRDA:22,0,0,1
BRDA:22,0,1,2
BRF:2
BRH:2
end_of_record
TN:
SF:src/modules/user/service/AuthenticateUserService.ts
FN:20,(anonymous_18)
FN:21,AuthenticateUserService
FN:28,(anonymous_20)
FNF:3
FNH:3
FNDA:1,(anonymous_18)
FNDA:3,AuthenticateUserService
FNDA:3,(anonymous_20)
DA:1,1
DA:2,1
DA:3,1
DA:4,1
DA:20,1
DA:23,3
DA:25,3
DA:28,3
DA:29,3
DA:30,3
DA:31,1
DA:34,2
DA:38,2
DA:39,1
DA:42,1
DA:46,1
DA:48,1
LF:17
LH:17
BRDA:29,0,0,3
BRDA:30,1,0,1
BRDA:30,1,1,2
BRDA:38,2,0,1
BRDA:38,2,1,1
BRF:5
BRH:5
end_of_record
TN:
SF:src/modules/user/service/CreateUserService.ts
FN:14,(anonymous_18)
FN:15,CreateUserService
FN:22,(anonymous_20)
FNF:3
FNH:3
FNDA:3,(anonymous_18)
FNDA:6,CreateUserService
FNDA:7,(anonymous_20)
DA:1,3
DA:2,3
DA:14,3
DA:17,6
DA:19,6
DA:22,7
DA:23,7
DA:24,1
DA:27,6
DA:29,6
DA:34,6
DA:36,3
LF:12
LH:12
BRDA:23,0,0,7
BRDA:23,1,0,1
BRDA:23,1,1,6
BRF:3
BRH:3
end_of_record
TN:
SF:src/modules/user/service/ResetPasswordService.ts
FN:14,(anonymous_18)
FN:15,ResetPasswordService
FN:24,(anonymous_20)
FNF:3
FNH:3
FNDA:1,(anonymous_18)
FNDA:4,ResetPasswordService
FNDA:4,(anonymous_20)
DA:1,1
DA:5,1
DA:6,1
DA:14,1
DA:17,4
DA:19,4
DA:21,4
DA:24,4
DA:25,4
DA:26,4
DA:28,1
DA:29,0
DA:30,1
DA:31,1
DA:33,1
DA:34,2
DA:36,1
LF:17
LH:16
BRDA:25,0,0,4
BRDA:26,1,0,3
BRDA:26,1,1,1
BRDA:28,2,0,0
BRDA:28,2,1,1
BRDA:31,3,0,0
BRDA:31,3,1,1
BRF:7
BRH:5
end_of_record
TN:
SF:src/modules/user/service/SendForgotPasswordEmailService.ts
FN:13,(anonymous_18)
FN:14,SendForgotPasswordEmailService
FN:23,(anonymous_20)
FNF:3
FNH:3
FNDA:1,(anonymous_18)
FNDA:3,SendForgotPasswordEmailService
FNDA:3,(anonymous_20)
DA:1,1
DA:2,1
DA:3,1
DA:13,1
DA:16,3
DA:18,3
DA:20,3
DA:23,3
DA:24,3
DA:25,3
DA:26,1
DA:28,2
DA:29,2
DA:36,2
DA:51,1
LF:15
LH:15
BRDA:24,0,0,3
BRDA:25,1,0,1
BRDA:25,1,1,2
BRF:3
BRH:3
end_of_record
TN:
SF:src/modules/user/service/UpdateUserAvatarService.ts
FN:13,(anonymous_18)
FN:14,UpdateUserAvatarService
FN:21,(anonymous_20)
FNF:3
FNH:3
FNDA:1,(anonymous_18)
FNDA:3,UpdateUserAvatarService
FNDA:4,(anonymous_20)
DA:1,1
DA:2,1
DA:13,1
DA:16,3
DA:18,3
DA:21,4
DA:22,4
DA:23,4
DA:24,1
DA:26,5
DA:27,2
DA:29,3
DA:31,3
DA:32,3
DA:33,3
DA:35,1
LF:16
LH:16
BRDA:22,0,0,4
BRDA:22,0,1,3
BRDA:23,1,0,1
BRDA:23,1,1,3
BRDA:26,2,0,2
BRDA:26,2,1,1
BRF:6
BRH:6
end_of_record
